<?xml version="1.0" encoding="UTF-8"?>
<!-- Generated by org.testng.reporters.JUnitReportReporter -->
<testsuite hostname="DESKTOP-RU1NRDM" failures="0" tests="3" name="com.urbanFindr.cucumberOptions.TestRunner" time="19.986" errors="0" timestamp="2021-05-05T10:22:00 IST" skipped="0">
  <testcase classname="com.urbanFindr.cucumberOptions.TestRunner" name="runScenario" time="6.205"/>
  <system-out/>
  <testcase classname="com.urbanFindr.cucumberOptions.TestRunner" name="runScenario" time="7.138"/>
  <system-out/>
  <testcase classname="com.urbanFindr.cucumberOptions.TestRunner" name="runScenario" time="6.643"/>
  <system-out/>
</testsuite> <!-- com.urbanFindr.cucumberOptions.TestRunner -->
